2019-12-01 15:37:20,403 - Begin discover new articles on site 1 中国台湾网
2019-12-01 15:37:20,403 - Begin discover new articles on site 2 密訊
2019-12-01 15:37:20,403 - Begin discover new articles on site 13 怒吼
2019-12-01 15:37:20,403 - Begin discover new articles on site 6 琦琦看新聞
2019-12-01 15:37:20,403 - Begin discover new articles on site 14 海峽飛虹
2019-12-01 15:37:20,404 - Begin discover new articles on site 16 中華全國台灣同胞聯誼會
2019-12-01 15:37:20,404 - Begin discover new articles on site 96 呷新聞
2019-12-01 15:37:20,404 - Begin discover new articles on site 100 中時電子報
2019-12-01 15:37:20,404 - Begin discover new articles on site 102 ETtoday 新聞雲
2019-12-01 15:37:20,404 - Begin discover new articles on site 101 東森新聞
2019-12-01 15:37:20,404 - Begin discover new articles on site 105 聯合新聞網
2019-12-01 15:37:20,404 - Begin discover new articles on site 104 蘋果即時
2019-12-01 15:37:41,464 - Finish site 14 海峽飛虹. Process time = 21.06 seconds
2019-12-01 15:37:41,464 - Begin discover new articles on site 106 自由時報
2019-12-01 15:37:45,368 - Finish site 96 呷新聞. Process time = 24.96 seconds
2019-12-01 15:37:45,369 - Begin discover new articles on site 107 中央社
2019-12-01 15:37:46,534 - Finish site 1 中国台湾网. Process time = 26.13 seconds
2019-12-01 15:37:46,534 - Begin discover new articles on site 108 芋傳媒
2019-12-01 15:37:51,839 - Finish site 100 中時電子報. Process time = 31.44 seconds
2019-12-01 15:37:51,839 - Begin discover new articles on site 114 觀察者
2019-12-01 15:37:54,902 - Finish site 2 密訊. Process time = 34.50 seconds
2019-12-01 15:37:54,903 - Begin discover new articles on site 115 网易新闻
2019-12-01 15:38:08,817 - Finish site 101 東森新聞. Process time = 48.41 seconds
2019-12-01 15:38:08,818 - Begin discover new articles on site 116 讀讀
2019-12-01 15:38:35,143 - Finish site 107 中央社. Process time = 49.77 seconds
2019-12-01 15:38:35,144 - Begin discover new articles on site 117 COCO01
2019-12-01 15:38:38,404 - Finish site 116 讀讀. Process time = 29.59 seconds
2019-12-01 15:38:38,405 - Begin discover new articles on site 118 PTT01
2019-12-01 15:38:43,028 - Finish site 115 网易新闻. Process time = 48.12 seconds
2019-12-01 15:38:43,028 - Begin discover new articles on site 119 雪花新聞
2019-12-01 15:38:58,422 - Finish site 106 自由時報. Process time = 76.96 seconds
2019-12-01 15:38:58,423 - Begin discover new articles on site 120 閃文聯盟
2019-12-01 15:39:20,283 - Finish site 120 閃文聯盟. Process time = 21.86 seconds
2019-12-01 15:39:20,283 - Begin discover new articles on site 121 愛經驗
2019-12-01 15:39:46,296 - Finish site 121 愛經驗. Process time = 26.01 seconds
2019-12-01 15:39:46,297 - Begin discover new articles on site 122 壹讀
2019-12-01 15:40:05,368 - Finish site 122 壹讀. Process time = 19.07 seconds
2019-12-01 15:40:05,369 - Begin discover new articles on site 123 每日頭條
2019-12-01 15:40:23,523 - Finish site 123 每日頭條. Process time = 18.15 seconds
2019-12-01 15:40:47,624 - Finish site 114 觀察者. Process time = 175.78 seconds
2019-12-01 15:40:52,082 - Finish site 117 COCO01. Process time = 136.94 seconds
2019-12-01 15:42:28,640 - Finish site 16 中華全國台灣同胞聯誼會. Process time = 308.24 seconds
2019-12-01 15:44:35,738 - Finish site 104 蘋果即時. Process time = 435.33 seconds
2019-12-01 15:48:12,595 - Finish site 6 琦琦看新聞. Process time = 652.19 seconds
2019-12-01 16:22:27,809 - Finish site 105 聯合新聞網. Process time = 2707.40 seconds
2019-12-01 16:35:50,228 - Finish site 102 ETtoday 新聞雲. Process time = 3509.82 seconds
